[2026-06-01T10:42:57.846Z] INFO: Starting Minecraft Bot...
[2026-06-01T10:42:57.998Z] ERROR: Failed to start bot {"error":"Cannot read properties of undefined (reading 'position')"}
[2026-06-01T10:44:04.008Z] INFO: Starting Minecraft Bot...
[2026-06-01T10:44:04.165Z] ERROR: Failed to start bot {"error":"Cannot read properties of undefined (reading 'blocksByName')"}
[2026-06-01T10:47:29.270Z] INFO: Starting Minecraft Bot...
[2026-06-01T10:47:29.388Z] INFO: Survival AI enabled
[2026-06-01T10:47:29.389Z] INFO: Task queue started
[2026-06-01T10:47:29.389Z] INFO: Bot systems initialized
[2026-06-01T10:47:29.406Z] INFO: Dashboard running on http://localhost:3000
[2026-06-01T10:49:03.836Z] INFO: Starting Minecraft Bot...
[2026-06-01T10:49:03.955Z] INFO: Survival AI enabled
[2026-06-01T10:49:03.956Z] INFO: Task queue started
[2026-06-01T10:49:03.956Z] INFO: Bot systems initialized
[2026-06-01T10:49:03.963Z] INFO: Dashboard running on http://localhost:3000
[2026-06-01T10:49:07.677Z] ERROR: Bot error {"error":"Cannot read properties of undefined (reading 'timeOfDay')"}
[2026-06-01T10:52:44.942Z] INFO: Stopping bot...
[2026-06-01T10:52:44.944Z] INFO: Task queue stopped
[2026-06-01T10:52:48.097Z] INFO: Starting Minecraft Bot...
[2026-06-01T10:52:48.311Z] INFO: Survival AI enabled
[2026-06-01T10:52:48.312Z] INFO: Task queue started
[2026-06-01T10:52:48.313Z] INFO: Bot systems initialized
[2026-06-01T10:52:48.323Z] INFO: Dashboard running on http://localhost:3000
[2026-06-01T10:52:54.998Z] INFO: Movement system initialized {"version":"1.21.11"}
[2026-06-01T10:52:54.999Z] INFO: Bot spawned successfully
[2026-06-01T10:53:10.746Z] WARN: Bot died
[2026-06-01T10:53:10.747Z] INFO: Bot died, respawning
[2026-06-01T10:53:11.769Z] WARN: Bot died
[2026-06-01T10:53:11.770Z] INFO: Bot died, respawning
[2026-06-01T10:53:26.346Z] WARN: Bot died
[2026-06-01T10:53:26.347Z] INFO: Bot died, respawning
[2026-06-01T10:53:27.347Z] WARN: Bot died
[2026-06-01T10:53:27.348Z] INFO: Bot died, respawning
[2026-06-01T10:53:38.296Z] WARN: Bot died
[2026-06-01T10:53:38.297Z] INFO: Bot died, respawning
[2026-06-01T10:53:39.297Z] WARN: Bot died
[2026-06-01T10:53:39.298Z] INFO: Bot died, respawning
[2026-06-01T10:54:21.977Z] WARN: Permission denied for TheAvgMayo on command help
[2026-06-01T10:57:00.273Z] WARN: Permission denied for TheAvgMayo on command status
[2026-06-01T10:57:07.128Z] WARN: Permission denied for TheAvgMayo on command ping
[2026-06-01T11:00:48.822Z] INFO: Chat [TheAvgMayo]: 1help
[2026-06-01T11:00:57.171Z] WARN: Permission denied for TheAvgMayo on command help
[2026-06-01T11:01:24.662Z] WARN: Permission denied for TheAvgMayo on command help
[2026-06-01T11:01:30.594Z] INFO: Stopping bot...
[2026-06-01T11:01:30.595Z] INFO: Task queue stopped
[2026-06-01T11:01:33.770Z] INFO: Starting Minecraft Bot...
[2026-06-01T11:01:33.937Z] INFO: Survival AI enabled
[2026-06-01T11:01:33.937Z] INFO: Task queue started
[2026-06-01T11:01:33.938Z] INFO: Bot systems initialized
[2026-06-01T11:01:33.946Z] INFO: Dashboard running on http://localhost:3000
[2026-06-01T11:01:37.665Z] INFO: Movement system initialized {"version":"1.21.11"}
[2026-06-01T11:01:37.667Z] INFO: Bot spawned successfully
[2026-06-01T11:01:43.029Z] DEBUG: Command executed: help {"username":"TheAvgMayo","args":[]}
[2026-06-01T11:02:21.431Z] DEBUG: Command executed: ping {"username":"TheAvgMayo","args":[]}
[2026-06-01T11:02:27.523Z] DEBUG: Command executed: status {"username":"TheAvgMayo","args":[]}
[2026-06-01T11:02:36.180Z] ERROR: Command error: come {"error":"Cannot read properties of undefined (reading 'position')","username":"TheAvgMayo"}
[2026-06-01T11:04:53.434Z] INFO: Stopping bot...
[2026-06-01T11:04:53.435Z] INFO: Task queue stopped
[2026-06-01T11:04:55.605Z] INFO: Starting Minecraft Bot...
[2026-06-01T11:04:55.725Z] INFO: Survival AI enabled
[2026-06-01T11:04:55.726Z] INFO: Task queue started
[2026-06-01T11:04:55.726Z] INFO: Bot systems initialized
[2026-06-01T11:04:55.733Z] INFO: Dashboard running on http://localhost:3000
[2026-06-01T11:04:58.779Z] INFO: Movement system initialized {"version":"1.21.11"}
[2026-06-01T11:04:58.781Z] INFO: Bot spawned successfully
[2026-06-01T11:05:07.042Z] DEBUG: Command executed: status {"username":"TheAvgMayo","args":[]}
[2026-06-01T11:05:14.626Z] ERROR: Command error: come {"error":"Cannot find player [object Object]","username":"TheAvgMayo"}
[2026-06-01T11:06:10.148Z] INFO: Stopping bot...
[2026-06-01T11:06:10.150Z] INFO: Task queue stopped
[2026-06-01T11:06:31.520Z] INFO: Starting Minecraft Bot...
[2026-06-01T11:06:31.647Z] INFO: Survival AI enabled
[2026-06-01T11:06:31.648Z] INFO: Task queue started
[2026-06-01T11:06:31.648Z] INFO: Bot systems initialized
[2026-06-01T11:06:31.655Z] INFO: Dashboard running on http://localhost:3000
[2026-06-01T11:06:52.877Z] ERROR: Bot error {"error":"connect ETIMEDOUT 193.56.156.138:28572"}
[2026-06-01T11:06:52.878Z] INFO: Bot disconnected {"reason":"socketClosed"}
[2026-06-01T11:06:52.879Z] INFO: Reconnecting... (Attempt 1/10)
[2026-06-01T11:06:57.887Z] INFO: Starting Minecraft Bot...
[2026-06-01T11:06:57.893Z] INFO: Survival AI enabled
[2026-06-01T11:06:57.894Z] INFO: Task queue started
[2026-06-01T11:06:57.894Z] INFO: Bot systems initialized
[2026-06-01T11:07:04.160Z] INFO: Movement system initialized {"version":"1.21.11"}
[2026-06-01T11:07:04.162Z] INFO: Bot spawned successfully
[2026-06-01T11:07:50.114Z] ERROR: Command error: come {"error":"Cannot find player","username":"TheAvgMayo"}
[2026-06-01T11:08:31.686Z] INFO: Stopping bot...
[2026-06-01T11:08:31.687Z] INFO: Task queue stopped
[2026-06-01T11:09:49.347Z] INFO: Starting Minecraft Bot...
[2026-06-01T11:09:49.470Z] INFO: Survival AI enabled
[2026-06-01T11:09:49.471Z] INFO: Task queue started
[2026-06-01T11:09:49.471Z] INFO: Bot systems initialized
[2026-06-01T11:09:49.478Z] INFO: Dashboard running on http://localhost:3000
[2026-06-01T11:09:53.468Z] INFO: Movement system initialized {"version":"1.21.11"}
[2026-06-01T11:09:53.469Z] INFO: Bot spawned successfully
[2026-06-01T11:09:56.541Z] DEBUG: Command executed: come {"username":"TheAvgMayo","args":[]}
[2026-06-01T11:11:42.163Z] ERROR: Command error: come {"error":"Cannot find player","username":"TheAvgMayo"}
[2026-06-01T11:15:58.361Z] INFO: Stopping bot...
[2026-06-01T11:15:58.362Z] INFO: Task queue stopped
[2026-06-01T11:16:27.828Z] INFO: Starting Minecraft Bot...
[2026-06-01T11:16:27.947Z] INFO: Survival AI enabled
[2026-06-01T11:16:27.947Z] INFO: Task queue started
[2026-06-01T11:16:27.948Z] INFO: Bot systems initialized
[2026-06-01T11:16:27.954Z] INFO: Dashboard running on http://localhost:3000
[2026-06-01T11:16:34.265Z] INFO: Movement system initialized {"version":"1.21.11"}
[2026-06-01T11:16:34.267Z] INFO: Bot spawned successfully
[2026-06-01T11:16:49.009Z] DEBUG: Command executed: come {"username":"TheAvgMayo","args":[]}
[2026-06-01T11:17:04.167Z] DEBUG: Command executed: help {"username":"TheAvgMayo","args":[]}
[2026-06-01T11:17:13.797Z] DEBUG: Command executed: mine {"username":"TheAvgMayo","args":[]}
[2026-06-01T11:17:29.303Z] INFO: Task added: mine {"id":"mine-grass_block","priority":1}
[2026-06-01T11:17:29.305Z] DEBUG: Command executed: mine {"username":"TheAvgMayo","args":["grass_block"]}
[2026-06-01T11:17:40.695Z] DEBUG: Command executed: ai {"username":"TheAvgMayo","args":[]}
[2026-06-01T11:18:47.867Z] INFO: Stopping bot...
[2026-06-01T11:18:47.868Z] INFO: Task queue stopped
